<?xml version="1.0" encoding="UTF-8"?>
<!-- Generated by org.testng.reporters.JUnitXMLReporter -->
<testsuite ignored="0" hostname="GN-PF5FJH5D" failures="1" tests="4" name="VerifyLoginPage" time="23.527" errors="0" timestamp="2026-04-08T17:38:27 IST">
  <testcase classname="com.askomdch.tests.LoginTest" name="verfiyLoginCredentials" time="5.091"/>
  <testcase classname="com.askomdch.tests.LoginTest" name="verfiyLoginCredentials" time="3.835"/>
  <testcase classname="com.askomdch.tests.LoginTest" name="verfiyLoginCredentials" time="4.085"/>
  <testcase classname="com.askomdch.tests.LoginTest" name="verifyLoginPage" time="0.783">
    <failure type="java.lang.AssertionError" message="expected [Account – AskOmDc] but found [Account – AskOmDch]">
      <![CDATA[java.lang.AssertionError: expected [Account – AskOmDc] but found [Account – AskOmDch]
at com.askomdch.tests.LoginTest.verifyLoginPage(LoginTest.java:32)
at java.base/java.util.ArrayList.forEach(ArrayList.java:1604)
at com.intellij.rt.testng.IDEARemoteTestNG.run(IDEARemoteTestNG.java:65)
at com.intellij.rt.testng.RemoteTestNGStarter.main(RemoteTestNGStarter.java:105)
... Removed 28 stack frames]]>
    </failure>
  </testcase> <!-- verifyLoginPage -->
</testsuite> <!-- VerifyLoginPage -->
