<?xml version="1.0" encoding="UTF-8"?>
<testng-results retried="2" ignored="0" total="6" passed="4" failed="0" skipped="0">
  <reporter-output>
  </reporter-output>
  <suite started-at="2026-04-13T15:22:47 IST" name="LoginPage" finished-at="2026-04-13T15:24:27 IST" duration-ms="99495">
    <groups>
    </groups>
    <test started-at="2026-04-13T15:22:47 IST" name="VerifyLoginPage" finished-at="2026-04-13T15:24:27 IST" duration-ms="99495">
      <class name="com.askomdch.tests.LoginTest">
        <test-method is-config="true" signature="initialBrowser()[pri:0, instance:com.askomdch.tests.LoginTest@2e570ded]" started-at="2026-04-13T15:22:47 IST" name="initialBrowser" finished-at="2026-04-13T15:22:55 IST" duration-ms="7492" status="PASS">
          <reporter-output>
          </reporter-output>
        </test-method> <!-- initialBrowser -->
        <test-method is-config="true" signature="setUpPage()[pri:0, instance:com.askomdch.tests.LoginTest@2e570ded]" started-at="2026-04-13T15:22:55 IST" name="setUpPage" finished-at="2026-04-13T15:22:55 IST" duration-ms="4" status="PASS">
          <reporter-output>
          </reporter-output>
        </test-method> <!-- setUpPage -->
        <test-method retried="true" signature="verfiyLoginCredentials(java.lang.String,java.lang.String,java.lang.String)[pri:0, instance:com.askomdch.tests.LoginTest@2e570ded]" started-at="2026-04-13T15:22:55 IST" name="verfiyLoginCredentials" data-provider="loginCredentials" finished-at="2026-04-13T15:23:06 IST" duration-ms="10824" status="SKIP">
          <params>
            <param index="0">
              <value>
                <![CDATA[b@gmail.com]]>
              </value>
            </param>
            <param index="1">
              <value>
                <![CDATA[1234567890]]>
              </value>
            </param>
            <param index="2">
              <value>
                <![CDATA[Unknown email address. Check again or try your username.]]>
              </value>
            </param>
          </params>
          <exception class="org.openqa.selenium.WebDriverException">
            <message>
              <![CDATA[Reached error page: about:neterror?e=connectionFailure&u=https%3A//askomdch.com/account/&c=UTF-8&d=Firefox%20can%E2%80%99t%20establish%20a%20connection%20to%20the%20server%20at%20askomdch.com.&a=
Build info: version: '4.41.0', revision: '9fc754f'
System info: os.name: 'Windows 11', os.arch: 'amd64', os.version: '10.0', java.version: '21.0.10'
Driver info: org.openqa.selenium.firefox.FirefoxDriver
Command: [0b48893f-b727-4cdf-b7ee-2356e71aa8bb, clickElement {id=25afbf78-6f22-49e5-be32-5aade01e18bb}]
Capabilities {acceptInsecureCerts: true, browserName: firefox, browserVersion: 149.0.2, moz:accessibilityChecks: false, moz:buildID: 20260403140140, moz:geckodriverVersion: 0.36.0, moz:headless: false, moz:platformVersion: 10.0, moz:processID: 29092, moz:profile: C:\Users\vchinni\AppData\Lo..., moz:shutdownTimeout: 60000, moz:webdriverClick: true, moz:windowless: false, pageLoadStrategy: normal, platformName: windows, proxy: Proxy(), setWindowRect: true, strictFileInteractability: false, timeouts: {implicit: 0, pageLoad: 300000, script: 30000}, unhandledPromptBehavior: dismiss and notify, userAgent: Mozilla/5.0 (Windows NT 10....}
Element: [[FirefoxDriver: firefox on windows (0b48893f-b727-4cdf-b7ee-2356e71aa8bb)] -> xpath: //a[@class="menu-link" and text()='Account']]
Session ID: 0b48893f-b727-4cdf-b7ee-2356e71aa8bb]]>
            </message>
            <full-stacktrace>
              <![CDATA[org.openqa.selenium.WebDriverException: Reached error page: about:neterror?e=connectionFailure&u=https%3A//askomdch.com/account/&c=UTF-8&d=Firefox%20can%E2%80%99t%20establish%20a%20connection%20to%20the%20server%20at%20askomdch.com.&a=
Build info: version: '4.41.0', revision: '9fc754f'
System info: os.name: 'Windows 11', os.arch: 'amd64', os.version: '10.0', java.version: '21.0.10'
Driver info: org.openqa.selenium.firefox.FirefoxDriver
Command: [0b48893f-b727-4cdf-b7ee-2356e71aa8bb, clickElement {id=25afbf78-6f22-49e5-be32-5aade01e18bb}]
Capabilities {acceptInsecureCerts: true, browserName: firefox, browserVersion: 149.0.2, moz:accessibilityChecks: false, moz:buildID: 20260403140140, moz:geckodriverVersion: 0.36.0, moz:headless: false, moz:platformVersion: 10.0, moz:processID: 29092, moz:profile: C:\Users\vchinni\AppData\Lo..., moz:shutdownTimeout: 60000, moz:webdriverClick: true, moz:windowless: false, pageLoadStrategy: normal, platformName: windows, proxy: Proxy(), setWindowRect: true, strictFileInteractability: false, timeouts: {implicit: 0, pageLoad: 300000, script: 30000}, unhandledPromptBehavior: dismiss and notify, userAgent: Mozilla/5.0 (Windows NT 10....}
Element: [[FirefoxDriver: firefox on windows (0b48893f-b727-4cdf-b7ee-2356e71aa8bb)] -> xpath: //a[@class="menu-link" and text()='Account']]
Session ID: 0b48893f-b727-4cdf-b7ee-2356e71aa8bb
at org.openqa.selenium.remote.ErrorCodec.decode(ErrorCodec.java:169)
at org.openqa.selenium.remote.codec.w3c.W3CHttpResponseCodec.decode(W3CHttpResponseCodec.java:142)
at org.openqa.selenium.remote.codec.w3c.W3CHttpResponseCodec.decode(W3CHttpResponseCodec.java:49)
at org.openqa.selenium.remote.HttpCommandExecutor.execute(HttpCommandExecutor.java:223)
at org.openqa.selenium.remote.service.DriverCommandExecutor.invokeExecute(DriverCommandExecutor.java:216)
at org.openqa.selenium.remote.service.DriverCommandExecutor.execute(DriverCommandExecutor.java:174)
at org.openqa.selenium.remote.RemoteWebDriver.execute(RemoteWebDriver.java:604)
at org.openqa.selenium.remote.RemoteWebElement.execute(RemoteWebElement.java:223)
at org.openqa.selenium.remote.RemoteWebElement.click(RemoteWebElement.java:76)
at com.askomdch.pages.CommonActions.navigateTab(CommonActions.java:22)
at com.askomdch.pages.LoginPage.oPenAccountTab(LoginPage.java:23)
at com.askomdch.tests.LoginTest.verfiyLoginCredentials(LoginTest.java:50)
at java.base/jdk.internal.reflect.DirectMethodHandleAccessor.invoke(DirectMethodHandleAccessor.java:103)
at java.base/java.lang.reflect.Method.invoke(Method.java:580)
at org.testng.internal.invokers.MethodInvocationHelper.invokeMethod(MethodInvocationHelper.java:141)
at org.testng.internal.invokers.TestInvoker.invokeMethod(TestInvoker.java:697)
at org.testng.internal.invokers.TestInvoker.invokeTestMethod(TestInvoker.java:230)
at org.testng.internal.invokers.MethodRunner.runInSequence(MethodRunner.java:63)
at org.testng.internal.invokers.TestInvoker$MethodInvocationAgent.invoke(TestInvoker.java:1005)
at org.testng.internal.invokers.TestInvoker.invokeTestMethods(TestInvoker.java:203)
at org.testng.internal.invokers.TestMethodWorker.invokeTestMethods(TestMethodWorker.java:154)
at org.testng.internal.invokers.TestMethodWorker.run(TestMethodWorker.java:134)
at java.base/java.util.ArrayList.forEach(ArrayList.java:1596)
at org.testng.TestRunner.privateRun(TestRunner.java:744)
at org.testng.TestRunner.run(TestRunner.java:616)
at org.testng.SuiteRunner.runTest(SuiteRunner.java:421)
at org.testng.SuiteRunner.runSequentially(SuiteRunner.java:413)
at org.testng.SuiteRunner.privateRun(SuiteRunner.java:373)
at org.testng.SuiteRunner.run(SuiteRunner.java:312)
at org.testng.SuiteRunnerWorker.runSuite(SuiteRunnerWorker.java:52)
at org.testng.SuiteRunnerWorker.run(SuiteRunnerWorker.java:95)
at org.testng.TestNG.runSuitesSequentially(TestNG.java:1274)
at org.testng.TestNG.runSuitesLocally(TestNG.java:1208)
at org.testng.TestNG.runSuites(TestNG.java:1112)
at org.testng.TestNG.run(TestNG.java:1079)
at com.intellij.rt.testng.IDEARemoteTestNG.run(IDEARemoteTestNG.java:65)
at com.intellij.rt.testng.RemoteTestNGStarter.main(RemoteTestNGStarter.java:105)
]]>
            </full-stacktrace>
          </exception> <!-- org.openqa.selenium.WebDriverException -->
          <reporter-output>
          </reporter-output>
        </test-method> <!-- verfiyLoginCredentials -->
        <test-method is-config="true" signature="setUpPage()[pri:0, instance:com.askomdch.tests.LoginTest@2e570ded]" started-at="2026-04-13T15:23:06 IST" name="setUpPage" finished-at="2026-04-13T15:23:06 IST" duration-ms="2" status="PASS">
          <reporter-output>
          </reporter-output>
        </test-method> <!-- setUpPage -->
        <test-method signature="verfiyLoginCredentials(java.lang.String,java.lang.String,java.lang.String)[pri:0, instance:com.askomdch.tests.LoginTest@2e570ded]" started-at="2026-04-13T15:23:06 IST" name="verfiyLoginCredentials" data-provider="loginCredentials" finished-at="2026-04-13T15:23:59 IST" duration-ms="53341" status="PASS">
          <params>
            <param index="0">
              <value>
                <![CDATA[b@gmail.com]]>
              </value>
            </param>
            <param index="1">
              <value>
                <![CDATA[1234567890]]>
              </value>
            </param>
            <param index="2">
              <value>
                <![CDATA[Unknown email address. Check again or try your username.]]>
              </value>
            </param>
          </params>
          <reporter-output>
          </reporter-output>
        </test-method> <!-- verfiyLoginCredentials -->
        <test-method is-config="true" signature="setUpPage()[pri:0, instance:com.askomdch.tests.LoginTest@2e570ded]" started-at="2026-04-13T15:23:59 IST" name="setUpPage" finished-at="2026-04-13T15:23:59 IST" duration-ms="0" status="PASS">
          <reporter-output>
          </reporter-output>
        </test-method> <!-- setUpPage -->
        <test-method retried="true" signature="verfiyLoginCredentials(java.lang.String,java.lang.String,java.lang.String)[pri:0, instance:com.askomdch.tests.LoginTest@2e570ded]" started-at="2026-04-13T15:23:59 IST" name="verfiyLoginCredentials" data-provider="loginCredentials" finished-at="2026-04-13T15:24:01 IST" duration-ms="2249" status="SKIP">
          <params>
            <param index="0">
              <value>
                <![CDATA[beginner_Framework@gmail.com]]>
              </value>
            </param>
            <param index="1">
              <value>
                <![CDATA[12354658910]]>
              </value>
            </param>
            <param index="2">
              <value>
                <![CDATA[Error: The password you entered for the email address beginner_Framework@gmail.com is incorrect. Lost your password?]]>
              </value>
            </param>
          </params>
          <exception class="org.openqa.selenium.WebDriverException">
            <message>
              <![CDATA[Reached error page: about:neterror?e=connectionFailure&u=https%3A//askomdch.com/account/&c=UTF-8&d=Firefox%20can%E2%80%99t%20establish%20a%20connection%20to%20the%20server%20at%20askomdch.com.&a=
Build info: version: '4.41.0', revision: '9fc754f'
System info: os.name: 'Windows 11', os.arch: 'amd64', os.version: '10.0', java.version: '21.0.10'
Driver info: org.openqa.selenium.firefox.FirefoxDriver
Command: [0b48893f-b727-4cdf-b7ee-2356e71aa8bb, clickElement {id=75e7c1ab-7ca4-4fbc-b18f-b31111ddf056}]
Capabilities {acceptInsecureCerts: true, browserName: firefox, browserVersion: 149.0.2, moz:accessibilityChecks: false, moz:buildID: 20260403140140, moz:geckodriverVersion: 0.36.0, moz:headless: false, moz:platformVersion: 10.0, moz:processID: 29092, moz:profile: C:\Users\vchinni\AppData\Lo..., moz:shutdownTimeout: 60000, moz:webdriverClick: true, moz:windowless: false, pageLoadStrategy: normal, platformName: windows, proxy: Proxy(), setWindowRect: true, strictFileInteractability: false, timeouts: {implicit: 0, pageLoad: 300000, script: 30000}, unhandledPromptBehavior: dismiss and notify, userAgent: Mozilla/5.0 (Windows NT 10....}
Element: [[FirefoxDriver: firefox on windows (0b48893f-b727-4cdf-b7ee-2356e71aa8bb)] -> xpath: //a[@class="menu-link" and text()='Account']]
Session ID: 0b48893f-b727-4cdf-b7ee-2356e71aa8bb]]>
            </message>
            <full-stacktrace>
              <![CDATA[org.openqa.selenium.WebDriverException: Reached error page: about:neterror?e=connectionFailure&u=https%3A//askomdch.com/account/&c=UTF-8&d=Firefox%20can%E2%80%99t%20establish%20a%20connection%20to%20the%20server%20at%20askomdch.com.&a=
Build info: version: '4.41.0', revision: '9fc754f'
System info: os.name: 'Windows 11', os.arch: 'amd64', os.version: '10.0', java.version: '21.0.10'
Driver info: org.openqa.selenium.firefox.FirefoxDriver
Command: [0b48893f-b727-4cdf-b7ee-2356e71aa8bb, clickElement {id=75e7c1ab-7ca4-4fbc-b18f-b31111ddf056}]
Capabilities {acceptInsecureCerts: true, browserName: firefox, browserVersion: 149.0.2, moz:accessibilityChecks: false, moz:buildID: 20260403140140, moz:geckodriverVersion: 0.36.0, moz:headless: false, moz:platformVersion: 10.0, moz:processID: 29092, moz:profile: C:\Users\vchinni\AppData\Lo..., moz:shutdownTimeout: 60000, moz:webdriverClick: true, moz:windowless: false, pageLoadStrategy: normal, platformName: windows, proxy: Proxy(), setWindowRect: true, strictFileInteractability: false, timeouts: {implicit: 0, pageLoad: 300000, script: 30000}, unhandledPromptBehavior: dismiss and notify, userAgent: Mozilla/5.0 (Windows NT 10....}
Element: [[FirefoxDriver: firefox on windows (0b48893f-b727-4cdf-b7ee-2356e71aa8bb)] -> xpath: //a[@class="menu-link" and text()='Account']]
Session ID: 0b48893f-b727-4cdf-b7ee-2356e71aa8bb
at org.openqa.selenium.remote.ErrorCodec.decode(ErrorCodec.java:169)
at org.openqa.selenium.remote.codec.w3c.W3CHttpResponseCodec.decode(W3CHttpResponseCodec.java:142)
at org.openqa.selenium.remote.codec.w3c.W3CHttpResponseCodec.decode(W3CHttpResponseCodec.java:49)
at org.openqa.selenium.remote.HttpCommandExecutor.execute(HttpCommandExecutor.java:223)
at org.openqa.selenium.remote.service.DriverCommandExecutor.invokeExecute(DriverCommandExecutor.java:216)
at org.openqa.selenium.remote.service.DriverCommandExecutor.execute(DriverCommandExecutor.java:174)
at org.openqa.selenium.remote.RemoteWebDriver.execute(RemoteWebDriver.java:604)
at org.openqa.selenium.remote.RemoteWebElement.execute(RemoteWebElement.java:223)
at org.openqa.selenium.remote.RemoteWebElement.click(RemoteWebElement.java:76)
at com.askomdch.pages.CommonActions.navigateTab(CommonActions.java:22)
at com.askomdch.pages.LoginPage.oPenAccountTab(LoginPage.java:23)
at com.askomdch.tests.LoginTest.verfiyLoginCredentials(LoginTest.java:50)
at java.base/jdk.internal.reflect.DirectMethodHandleAccessor.invoke(DirectMethodHandleAccessor.java:103)
at java.base/java.lang.reflect.Method.invoke(Method.java:580)
at org.testng.internal.invokers.MethodInvocationHelper.invokeMethod(MethodInvocationHelper.java:141)
at org.testng.internal.invokers.TestInvoker.invokeMethod(TestInvoker.java:697)
at org.testng.internal.invokers.TestInvoker.invokeTestMethod(TestInvoker.java:230)
at org.testng.internal.invokers.MethodRunner.runInSequence(MethodRunner.java:63)
at org.testng.internal.invokers.TestInvoker$MethodInvocationAgent.invoke(TestInvoker.java:1005)
at org.testng.internal.invokers.TestInvoker.invokeTestMethods(TestInvoker.java:203)
at org.testng.internal.invokers.TestMethodWorker.invokeTestMethods(TestMethodWorker.java:154)
at org.testng.internal.invokers.TestMethodWorker.run(TestMethodWorker.java:134)
at java.base/java.util.ArrayList.forEach(ArrayList.java:1596)
at org.testng.TestRunner.privateRun(TestRunner.java:744)
at org.testng.TestRunner.run(TestRunner.java:616)
at org.testng.SuiteRunner.runTest(SuiteRunner.java:421)
at org.testng.SuiteRunner.runSequentially(SuiteRunner.java:413)
at org.testng.SuiteRunner.privateRun(SuiteRunner.java:373)
at org.testng.SuiteRunner.run(SuiteRunner.java:312)
at org.testng.SuiteRunnerWorker.runSuite(SuiteRunnerWorker.java:52)
at org.testng.SuiteRunnerWorker.run(SuiteRunnerWorker.java:95)
at org.testng.TestNG.runSuitesSequentially(TestNG.java:1274)
at org.testng.TestNG.runSuitesLocally(TestNG.java:1208)
at org.testng.TestNG.runSuites(TestNG.java:1112)
at org.testng.TestNG.run(TestNG.java:1079)
at com.intellij.rt.testng.IDEARemoteTestNG.run(IDEARemoteTestNG.java:65)
at com.intellij.rt.testng.RemoteTestNGStarter.main(RemoteTestNGStarter.java:105)
]]>
            </full-stacktrace>
          </exception> <!-- org.openqa.selenium.WebDriverException -->
          <reporter-output>
          </reporter-output>
        </test-method> <!-- verfiyLoginCredentials -->
        <test-method is-config="true" signature="setUpPage()[pri:0, instance:com.askomdch.tests.LoginTest@2e570ded]" started-at="2026-04-13T15:24:01 IST" name="setUpPage" finished-at="2026-04-13T15:24:01 IST" duration-ms="1" status="PASS">
          <reporter-output>
          </reporter-output>
        </test-method> <!-- setUpPage -->
        <test-method signature="verfiyLoginCredentials(java.lang.String,java.lang.String,java.lang.String)[pri:0, instance:com.askomdch.tests.LoginTest@2e570ded]" started-at="2026-04-13T15:24:01 IST" name="verfiyLoginCredentials" data-provider="loginCredentials" finished-at="2026-04-13T15:24:20 IST" duration-ms="19174" status="PASS">
          <params>
            <param index="0">
              <value>
                <![CDATA[beginner_Framework@gmail.com]]>
              </value>
            </param>
            <param index="1">
              <value>
                <![CDATA[12354658910]]>
              </value>
            </param>
            <param index="2">
              <value>
                <![CDATA[Error: The password you entered for the email address beginner_Framework@gmail.com is incorrect. Lost your password?]]>
              </value>
            </param>
          </params>
          <reporter-output>
          </reporter-output>
        </test-method> <!-- verfiyLoginCredentials -->
        <test-method signature="verfiyLoginCredentials(java.lang.String,java.lang.String,java.lang.String)[pri:0, instance:com.askomdch.tests.LoginTest@2e570ded]" started-at="2026-04-13T15:24:20 IST" name="verfiyLoginCredentials" data-provider="loginCredentials" finished-at="2026-04-13T15:24:24 IST" duration-ms="3783" status="PASS">
          <params>
            <param index="0">
              <value>
                <![CDATA[beginner_Framework@gmail.com]]>
              </value>
            </param>
            <param index="1">
              <value>
                <![CDATA[1234567890]]>
              </value>
            </param>
            <param index="2">
              <value>
                <![CDATA[]]>
              </value>
            </param>
          </params>
          <reporter-output>
          </reporter-output>
        </test-method> <!-- verfiyLoginCredentials -->
        <test-method is-config="true" signature="setUpPage()[pri:0, instance:com.askomdch.tests.LoginTest@2e570ded]" started-at="2026-04-13T15:24:20 IST" name="setUpPage" finished-at="2026-04-13T15:24:20 IST" duration-ms="0" status="PASS">
          <reporter-output>
          </reporter-output>
        </test-method> <!-- setUpPage -->
        <test-method signature="verifyLoginPagewithAutoLogAndScreenShot()[pri:0, instance:com.askomdch.tests.LoginTest@2e570ded]" started-at="2026-04-13T15:24:24 IST" name="verifyLoginPagewithAutoLogAndScreenShot" finished-at="2026-04-13T15:24:25 IST" duration-ms="704" status="PASS">
          <reporter-output>
          </reporter-output>
        </test-method> <!-- verifyLoginPagewithAutoLogAndScreenShot -->
        <test-method is-config="true" signature="setUpPage()[pri:0, instance:com.askomdch.tests.LoginTest@2e570ded]" started-at="2026-04-13T15:24:24 IST" name="setUpPage" finished-at="2026-04-13T15:24:24 IST" duration-ms="0" status="PASS">
          <reporter-output>
          </reporter-output>
        </test-method> <!-- setUpPage -->
        <test-method is-config="true" signature="closingBrowser()[pri:0, instance:com.askomdch.tests.LoginTest@2e570ded]" started-at="2026-04-13T15:24:25 IST" name="closingBrowser" finished-at="2026-04-13T15:24:27 IST" duration-ms="1812" status="PASS">
          <reporter-output>
          </reporter-output>
        </test-method> <!-- closingBrowser -->
      </class> <!-- com.askomdch.tests.LoginTest -->
    </test> <!-- VerifyLoginPage -->
  </suite> <!-- LoginPage -->
</testng-results>
