<?xml version="1.0" encoding="UTF-8"?>
<testng-results ignored="0" total="4" passed="3" failed="1" skipped="0">
  <reporter-output>
  </reporter-output>
  <suite started-at="2026-04-08T17:38:04 IST" name="LoginPage" finished-at="2026-04-08T17:38:27 IST" duration-ms="23527">
    <groups>
    </groups>
    <test started-at="2026-04-08T17:38:04 IST" name="VerifyLoginPage" finished-at="2026-04-08T17:38:27 IST" duration-ms="23527">
      <class name="com.askomdch.tests.LoginTest">
        <test-method is-config="true" signature="initialBrowser()[pri:0, instance:com.askomdch.tests.LoginTest@57a3af25]" started-at="2026-04-08T17:38:04 IST" name="initialBrowser" finished-at="2026-04-08T17:38:11 IST" duration-ms="7567" status="PASS">
          <reporter-output>
          </reporter-output>
        </test-method> <!-- initialBrowser -->
        <test-method is-config="true" signature="setUpPage()[pri:0, instance:com.askomdch.tests.LoginTest@57a3af25]" started-at="2026-04-08T17:38:12 IST" name="setUpPage" finished-at="2026-04-08T17:38:12 IST" duration-ms="5" status="PASS">
          <reporter-output>
          </reporter-output>
        </test-method> <!-- setUpPage -->
        <test-method signature="verfiyLoginCredentials(java.lang.String,java.lang.String,java.lang.String)[pri:0, instance:com.askomdch.tests.LoginTest@57a3af25]" started-at="2026-04-08T17:38:12 IST" name="verfiyLoginCredentials" data-provider="loginCredentials" finished-at="2026-04-08T17:38:17 IST" duration-ms="5091" status="PASS">
          <params>
            <param index="0">
              <value>
                <![CDATA[b@gmail.com]]>
              </value>
            </param>
            <param index="1">
              <value>
                <![CDATA[1234567890]]>
              </value>
            </param>
            <param index="2">
              <value>
                <![CDATA[Unknown email address. Check again or try your username.]]>
              </value>
            </param>
          </params>
          <reporter-output>
          </reporter-output>
        </test-method> <!-- verfiyLoginCredentials -->
        <test-method signature="verfiyLoginCredentials(java.lang.String,java.lang.String,java.lang.String)[pri:0, instance:com.askomdch.tests.LoginTest@57a3af25]" started-at="2026-04-08T17:38:17 IST" name="verfiyLoginCredentials" data-provider="loginCredentials" finished-at="2026-04-08T17:38:20 IST" duration-ms="3835" status="PASS">
          <params>
            <param index="0">
              <value>
                <![CDATA[beginner_Framework@gmail.com]]>
              </value>
            </param>
            <param index="1">
              <value>
                <![CDATA[12354658910]]>
              </value>
            </param>
            <param index="2">
              <value>
                <![CDATA[Error: The password you entered for the email address beginner_Framework@gmail.com is incorrect. Lost your password?]]>
              </value>
            </param>
          </params>
          <reporter-output>
          </reporter-output>
        </test-method> <!-- verfiyLoginCredentials -->
        <test-method is-config="true" signature="setUpPage()[pri:0, instance:com.askomdch.tests.LoginTest@57a3af25]" started-at="2026-04-08T17:38:17 IST" name="setUpPage" finished-at="2026-04-08T17:38:17 IST" duration-ms="0" status="PASS">
          <reporter-output>
          </reporter-output>
        </test-method> <!-- setUpPage -->
        <test-method signature="verfiyLoginCredentials(java.lang.String,java.lang.String,java.lang.String)[pri:0, instance:com.askomdch.tests.LoginTest@57a3af25]" started-at="2026-04-08T17:38:20 IST" name="verfiyLoginCredentials" data-provider="loginCredentials" finished-at="2026-04-08T17:38:25 IST" duration-ms="4085" status="PASS">
          <params>
            <param index="0">
              <value>
                <![CDATA[beginner_Framework@gmail.com]]>
              </value>
            </param>
            <param index="1">
              <value>
                <![CDATA[1234567890]]>
              </value>
            </param>
            <param index="2">
              <value>
                <![CDATA[]]>
              </value>
            </param>
          </params>
          <reporter-output>
          </reporter-output>
        </test-method> <!-- verfiyLoginCredentials -->
        <test-method is-config="true" signature="setUpPage()[pri:0, instance:com.askomdch.tests.LoginTest@57a3af25]" started-at="2026-04-08T17:38:20 IST" name="setUpPage" finished-at="2026-04-08T17:38:20 IST" duration-ms="0" status="PASS">
          <reporter-output>
          </reporter-output>
        </test-method> <!-- setUpPage -->
        <test-method is-config="true" signature="setUpPage()[pri:0, instance:com.askomdch.tests.LoginTest@57a3af25]" started-at="2026-04-08T17:38:25 IST" name="setUpPage" finished-at="2026-04-08T17:38:25 IST" duration-ms="1" status="PASS">
          <reporter-output>
          </reporter-output>
        </test-method> <!-- setUpPage -->
        <test-method signature="verifyLoginPage()[pri:0, instance:com.askomdch.tests.LoginTest@57a3af25]" started-at="2026-04-08T17:38:25 IST" name="verifyLoginPage" finished-at="2026-04-08T17:38:25 IST" duration-ms="783" status="FAIL">
          <exception class="java.lang.AssertionError">
            <message>
              <![CDATA[expected [Account – AskOmDc] but found [Account – AskOmDch]]]>
            </message>
            <full-stacktrace>
              <![CDATA[java.lang.AssertionError: expected [Account – AskOmDc] but found [Account – AskOmDch]
at org.testng.Assert.fail(Assert.java:111)
at org.testng.Assert.failNotEquals(Assert.java:1590)
at org.testng.Assert.assertEqualsImpl(Assert.java:150)
at org.testng.Assert.assertEquals(Assert.java:132)
at org.testng.Assert.assertEquals(Assert.java:656)
at org.testng.Assert.assertEquals(Assert.java:666)
at com.askomdch.tests.LoginTest.verifyLoginPage(LoginTest.java:32)
at java.base/jdk.internal.reflect.DirectMethodHandleAccessor.invoke(DirectMethodHandleAccessor.java:104)
at java.base/java.lang.reflect.Method.invoke(Method.java:565)
at org.testng.internal.invokers.MethodInvocationHelper.invokeMethod(MethodInvocationHelper.java:141)
at org.testng.internal.invokers.TestInvoker.invokeMethod(TestInvoker.java:697)
at org.testng.internal.invokers.TestInvoker.invokeTestMethod(TestInvoker.java:230)
at org.testng.internal.invokers.MethodRunner.runInSequence(MethodRunner.java:63)
at org.testng.internal.invokers.TestInvoker$MethodInvocationAgent.invoke(TestInvoker.java:1005)
at org.testng.internal.invokers.TestInvoker.invokeTestMethods(TestInvoker.java:203)
at org.testng.internal.invokers.TestMethodWorker.invokeTestMethods(TestMethodWorker.java:154)
at org.testng.internal.invokers.TestMethodWorker.run(TestMethodWorker.java:134)
at java.base/java.util.ArrayList.forEach(ArrayList.java:1604)
at org.testng.TestRunner.privateRun(TestRunner.java:744)
at org.testng.TestRunner.run(TestRunner.java:616)
at org.testng.SuiteRunner.runTest(SuiteRunner.java:421)
at org.testng.SuiteRunner.runSequentially(SuiteRunner.java:413)
at org.testng.SuiteRunner.privateRun(SuiteRunner.java:373)
at org.testng.SuiteRunner.run(SuiteRunner.java:312)
at org.testng.SuiteRunnerWorker.runSuite(SuiteRunnerWorker.java:52)
at org.testng.SuiteRunnerWorker.run(SuiteRunnerWorker.java:95)
at org.testng.TestNG.runSuitesSequentially(TestNG.java:1274)
at org.testng.TestNG.runSuitesLocally(TestNG.java:1208)
at org.testng.TestNG.runSuites(TestNG.java:1112)
at org.testng.TestNG.run(TestNG.java:1079)
at com.intellij.rt.testng.IDEARemoteTestNG.run(IDEARemoteTestNG.java:65)
at com.intellij.rt.testng.RemoteTestNGStarter.main(RemoteTestNGStarter.java:105)
]]>
            </full-stacktrace>
          </exception> <!-- java.lang.AssertionError -->
          <reporter-output>
          </reporter-output>
        </test-method> <!-- verifyLoginPage -->
        <test-method is-config="true" signature="closingBrowser()[pri:0, instance:com.askomdch.tests.LoginTest@57a3af25]" started-at="2026-04-08T17:38:26 IST" name="closingBrowser" finished-at="2026-04-08T17:38:27 IST" duration-ms="1817" status="PASS">
          <reporter-output>
          </reporter-output>
        </test-method> <!-- closingBrowser -->
      </class> <!-- com.askomdch.tests.LoginTest -->
    </test> <!-- VerifyLoginPage -->
  </suite> <!-- LoginPage -->
</testng-results>
