<?xml version="1.0" encoding="UTF-8"?>
<!-- Generated by org.testng.reporters.JUnitReportReporter -->
<testsuite hostname="GN-PF5FJH5D" failures="0" tests="6" name="com.askomdch.tests.LoginTest" time="90.082" errors="0" timestamp="2026-04-13T15:24:27 IST" skipped="2">
  <testcase classname="com.askomdch.tests.LoginTest" name="verifyLoginPagewithAutoLogAndScreenShot" time="0.706"/>
  <testcase classname="com.askomdch.tests.LoginTest" name="verfiyLoginCredentials" time="19.175"/>
  <testcase classname="com.askomdch.tests.LoginTest" name="verfiyLoginCredentials" time="10.824">
    <skipped/>
  </testcase> <!-- verfiyLoginCredentials -->
  <testcase classname="com.askomdch.tests.LoginTest" name="verfiyLoginCredentials" time="2.253">
    <skipped/>
  </testcase> <!-- verfiyLoginCredentials -->
  <testcase classname="com.askomdch.tests.LoginTest" name="verfiyLoginCredentials" time="3.783"/>
  <testcase classname="com.askomdch.tests.LoginTest" name="verfiyLoginCredentials" time="53.341"/>
</testsuite> <!-- com.askomdch.tests.LoginTest -->
